<?xml version="1.0" encoding="UTF-8"?>
<testng-results ignored="0" total="1" passed="1" failed="0" skipped="0">
  <reporter-output>
  </reporter-output>
  <suite started-at="2025-03-25T17:02:12 IST" name="Default suite" finished-at="2025-03-25T17:02:20 IST" duration-ms="7919">
    <groups>
    </groups>
    <test started-at="2025-03-25T17:02:12 IST" name="Default test" finished-at="2025-03-25T17:02:20 IST" duration-ms="7919">
      <class name="testScripts.DemoTest">
        <test-method signature="f()[pri:0, instance:testScripts.DemoTest@a38c7fe]" started-at="2025-03-25T17:02:12 IST" name="f" finished-at="2025-03-25T17:02:20 IST" duration-ms="7845" status="PASS">
          <reporter-output>
          </reporter-output>
        </test-method> <!-- f -->
      </class> <!-- testScripts.DemoTest -->
    </test> <!-- Default test -->
  </suite> <!-- Default suite -->
</testng-results>
